app/build/intermediates/manifest_merge_blame_file/debug/processDebugMainManifest/manifest-merger-blame-debug-report.txt
1<?xml version="1.0" encoding="utf-8"?>
2<manifest xmlns:android="http://schemas.android.com/apk/res/android"
3    package="com.musicfinder"
4    android:versionCode="1"
5    android:versionName="1.0" >
6
7    <uses-sdk
8        android:minSdkVersion="26"
9        android:targetSdkVersion="35" />
10
11    <uses-permission android:name="android.permission.CAMERA" />
11-->src\main\AndroidManifest.xml:4:5-65
11-->src\main\AndroidManifest.xml:4:22-62
12
13    <uses-feature
13-->src\main\AndroidManifest.xml:5:5-85
14        android:name="android.hardware.camera"
14-->src\main\AndroidManifest.xml:5:19-57
15        android:required="false" />
15-->src\main\AndroidManifest.xml:5:58-82
16
17    <!-- Required on Android 11+ to detect if Brave browser is installed -->
18    <queries>
18-->src\main\AndroidManifest.xml:8:5-10:15
19        <package android:name="com.brave.browser" />
19-->src\main\AndroidManifest.xml:9:9-53
19-->src\main\AndroidManifest.xml:9:18-50
20    </queries>
21
22    <permission
22-->[androidx.core:core:1.13.0] AndroidManifest.xml:22:5-24:47
23        android:name="com.musicfinder.DYNAMIC_RECEIVER_NOT_EXPORTED_PERMISSION"
23-->[androidx.core:core:1.13.0] AndroidManifest.xml:23:9-81
24        android:protectionLevel="signature" />
24-->[androidx.core:core:1.13.0] AndroidManifest.xml:24:9-44
25
26    <uses-permission android:name="com.musicfinder.DYNAMIC_RECEIVER_NOT_EXPORTED_PERMISSION" /> <!-- Although the *SdkVersion is captured in gradle build files, this is required for non gradle builds -->
26-->[androidx.core:core:1.13.0] AndroidManifest.xml:26:5-97
26-->[androidx.core:core:1.13.0] AndroidManifest.xml:26:22-94
27    <!-- <uses-sdk android:minSdkVersion="14"/> -->
28    <uses-permission android:name="android.permission.ACCESS_NETWORK_STATE" />
28-->[com.google.android.datatransport:transport-backend-cct:2.3.3] AndroidManifest.xml:25:5-79
28-->[com.google.android.datatransport:transport-backend-cct:2.3.3] AndroidManifest.xml:25:22-76
29    <uses-permission android:name="android.permission.INTERNET" />
29-->[com.google.android.datatransport:transport-backend-cct:2.3.3] AndroidManifest.xml:26:5-67
29-->[com.google.android.datatransport:transport-backend-cct:2.3.3] AndroidManifest.xml:26:22-64
30
31    <application
31-->src\main\AndroidManifest.xml:12:5-48:19
32        android:allowBackup="true"
32-->src\main\AndroidManifest.xml:13:9-35
33        android:appComponentFactory="androidx.core.app.CoreComponentFactory"
33-->[androidx.core:core:1.13.0] AndroidManifest.xml:28:18-86
34        android:debuggable="true"
35        android:extractNativeLibs="false"
36        android:icon="@mipmap/ic_launcher"
36-->src\main\AndroidManifest.xml:14:9-43
37        android:label="@string/app_name"
37-->src\main\AndroidManifest.xml:15:9-41
38        android:roundIcon="@mipmap/ic_launcher_round"
38-->src\main\AndroidManifest.xml:16:9-54
39        android:supportsRtl="true"
39-->src\main\AndroidManifest.xml:17:9-35
40        android:testOnly="true"
41        android:theme="@style/Theme.MusicFinder" >
41-->src\main\AndroidManifest.xml:18:9-49
42
43        <!-- Main launcher screen -->
44        <activity
44-->src\main\AndroidManifest.xml:21:9-28:20
45            android:name="com.musicfinder.MainActivity"
45-->src\main\AndroidManifest.xml:22:13-41
46            android:exported="true" >
46-->src\main\AndroidManifest.xml:23:13-36
47            <intent-filter>
47-->src\main\AndroidManifest.xml:24:13-27:29
48                <action android:name="android.intent.action.MAIN" />
48-->src\main\AndroidManifest.xml:25:17-69
48-->src\main\AndroidManifest.xml:25:25-66
49
50                <category android:name="android.intent.category.LAUNCHER" />
50-->src\main\AndroidManifest.xml:26:17-77
50-->src\main\AndroidManifest.xml:26:27-74
51            </intent-filter>
52        </activity>
53
54        <!-- Receives shared text from Libby, browsers, PDF readers, etc. -->
55        <activity
55-->src\main\AndroidManifest.xml:31:9-40:20
56            android:name="com.musicfinder.ShareActivity"
56-->src\main\AndroidManifest.xml:32:13-42
57            android:exported="true"
57-->src\main\AndroidManifest.xml:33:13-36
58            android:theme="@style/Theme.MusicFinder.Translucent" >
58-->src\main\AndroidManifest.xml:34:13-65
59            <intent-filter>
59-->src\main\AndroidManifest.xml:35:13-39:29
60                <action android:name="android.intent.action.SEND" />
60-->src\main\AndroidManifest.xml:36:17-69
60-->src\main\AndroidManifest.xml:36:25-66
61
62                <category android:name="android.intent.category.DEFAULT" />
62-->src\main\AndroidManifest.xml:37:17-76
62-->src\main\AndroidManifest.xml:37:27-73
63
64                <data android:mimeType="text/plain" />
64-->src\main\AndroidManifest.xml:38:17-55
64-->src\main\AndroidManifest.xml:38:23-52
65            </intent-filter>
66        </activity>
67
68        <!-- Camera + OCR entry point -->
69        <activity
69-->src\main\AndroidManifest.xml:43:9-46:52
70            android:name="com.musicfinder.CameraActivity"
70-->src\main\AndroidManifest.xml:44:13-43
71            android:exported="false"
71-->src\main\AndroidManifest.xml:45:13-37
72            android:screenOrientation="portrait" />
72-->src\main\AndroidManifest.xml:46:13-49
73
74        <service
74-->[androidx.camera:camera-camera2:1.3.4] AndroidManifest.xml:24:9-33:19
75            android:name="androidx.camera.core.impl.MetadataHolderService"
75-->[androidx.camera:camera-camera2:1.3.4] AndroidManifest.xml:25:13-75
76            android:enabled="false"
76-->[androidx.camera:camera-camera2:1.3.4] AndroidManifest.xml:26:13-36
77            android:exported="false" >
77-->[androidx.camera:camera-camera2:1.3.4] AndroidManifest.xml:27:13-37
78            <meta-data
78-->[androidx.camera:camera-camera2:1.3.4] AndroidManifest.xml:30:13-32:89
79                android:name="androidx.camera.core.impl.MetadataHolderService.DEFAULT_CONFIG_PROVIDER"
79-->[androidx.camera:camera-camera2:1.3.4] AndroidManifest.xml:31:17-103
80                android:value="androidx.camera.camera2.Camera2Config$DefaultProvider" />
80-->[androidx.camera:camera-camera2:1.3.4] AndroidManifest.xml:32:17-86
81        </service>
82        <service
82-->[com.google.android.gms:play-services-mlkit-text-recognition-common:19.1.0] AndroidManifest.xml:9:9-15:19
83            android:name="com.google.mlkit.common.internal.MlKitComponentDiscoveryService"
83-->[com.google.android.gms:play-services-mlkit-text-recognition-common:19.1.0] AndroidManifest.xml:10:13-91
84            android:directBootAware="true"
84-->[com.google.mlkit:common:18.11.0] AndroidManifest.xml:17:13-43
85            android:exported="false" >
85-->[com.google.android.gms:play-services-mlkit-text-recognition-common:19.1.0] AndroidManifest.xml:11:13-37
86            <meta-data
86-->[com.google.android.gms:play-services-mlkit-text-recognition-common:19.1.0] AndroidManifest.xml:12:13-14:85
87                android:name="com.google.firebase.components:com.google.mlkit.vision.text.internal.TextRegistrar"
87-->[com.google.android.gms:play-services-mlkit-text-recognition-common:19.1.0] AndroidManifest.xml:13:17-114
88                android:value="com.google.firebase.components.ComponentRegistrar" />
88-->[com.google.android.gms:play-services-mlkit-text-recognition-common:19.1.0] AndroidManifest.xml:14:17-82
89            <meta-data
89-->[com.google.mlkit:vision-common:17.3.0] AndroidManifest.xml:12:13-14:85
90                android:name="com.google.firebase.components:com.google.mlkit.vision.common.internal.VisionCommonRegistrar"
90-->[com.google.mlkit:vision-common:17.3.0] AndroidManifest.xml:13:17-124
91                android:value="com.google.firebase.components.ComponentRegistrar" />
91-->[com.google.mlkit:vision-common:17.3.0] AndroidManifest.xml:14:17-82
92            <meta-data
92-->[com.google.mlkit:common:18.11.0] AndroidManifest.xml:20:13-22:85
93                android:name="com.google.firebase.components:com.google.mlkit.common.internal.CommonComponentRegistrar"
93-->[com.google.mlkit:common:18.11.0] AndroidManifest.xml:21:17-120
94                android:value="com.google.firebase.components.ComponentRegistrar" />
94-->[com.google.mlkit:common:18.11.0] AndroidManifest.xml:22:17-82
95        </service>
96
97        <provider
97-->[com.google.mlkit:common:18.11.0] AndroidManifest.xml:9:9-13:38
98            android:name="com.google.mlkit.common.internal.MlKitInitProvider"
98-->[com.google.mlkit:common:18.11.0] AndroidManifest.xml:10:13-78
99            android:authorities="com.musicfinder.mlkitinitprovider"
99-->[com.google.mlkit:common:18.11.0] AndroidManifest.xml:11:13-69
100            android:exported="false"
100-->[com.google.mlkit:common:18.11.0] AndroidManifest.xml:12:13-37
101            android:initOrder="99" />
101-->[com.google.mlkit:common:18.11.0] AndroidManifest.xml:13:13-35
102
103        <activity
103-->[com.google.android.gms:play-services-base:18.5.0] AndroidManifest.xml:5:9-173
104            android:name="com.google.android.gms.common.api.GoogleApiActivity"
104-->[com.google.android.gms:play-services-base:18.5.0] AndroidManifest.xml:5:19-85
105            android:exported="false"
105-->[com.google.android.gms:play-services-base:18.5.0] AndroidManifest.xml:5:146-170
106            android:theme="@android:style/Theme.Translucent.NoTitleBar" />
106-->[com.google.android.gms:play-services-base:18.5.0] AndroidManifest.xml:5:86-145
107
108        <meta-data
108-->[com.google.android.gms:play-services-basement:18.4.0] AndroidManifest.xml:6:9-122
109            android:name="com.google.android.gms.version"
109-->[com.google.android.gms:play-services-basement:18.4.0] AndroidManifest.xml:6:20-65
110            android:value="@integer/google_play_services_version" />
110-->[com.google.android.gms:play-services-basement:18.4.0] AndroidManifest.xml:6:66-119
111
112        <provider
112-->[androidx.emoji2:emoji2:1.3.0] AndroidManifest.xml:24:9-32:20
113            android:name="androidx.startup.InitializationProvider"
113-->[androidx.emoji2:emoji2:1.3.0] AndroidManifest.xml:25:13-67
114            android:authorities="com.musicfinder.androidx-startup"
114-->[androidx.emoji2:emoji2:1.3.0] AndroidManifest.xml:26:13-68
115            android:exported="false" >
115-->[androidx.emoji2:emoji2:1.3.0] AndroidManifest.xml:27:13-37
116            <meta-data
116-->[androidx.emoji2:emoji2:1.3.0] AndroidManifest.xml:29:13-31:52
117                android:name="androidx.emoji2.text.EmojiCompatInitializer"
117-->[androidx.emoji2:emoji2:1.3.0] AndroidManifest.xml:30:17-75
118                android:value="androidx.startup" />
118-->[androidx.emoji2:emoji2:1.3.0] AndroidManifest.xml:31:17-49
119            <meta-data
119-->[androidx.lifecycle:lifecycle-process:2.6.2] AndroidManifest.xml:29:13-31:52
120                android:name="androidx.lifecycle.ProcessLifecycleInitializer"
120-->[androidx.lifecycle:lifecycle-process:2.6.2] AndroidManifest.xml:30:17-78
121                android:value="androidx.startup" />
121-->[androidx.lifecycle:lifecycle-process:2.6.2] AndroidManifest.xml:31:17-49
122            <meta-data
122-->[androidx.profileinstaller:profileinstaller:1.3.1] AndroidManifest.xml:29:13-31:52
123                android:name="androidx.profileinstaller.ProfileInstallerInitializer"
123-->[androidx.profileinstaller:profileinstaller:1.3.1] AndroidManifest.xml:30:17-85
124                android:value="androidx.startup" />
124-->[androidx.profileinstaller:profileinstaller:1.3.1] AndroidManifest.xml:31:17-49
125        </provider>
126
127        <receiver
127-->[androidx.profileinstaller:profileinstaller:1.3.1] AndroidManifest.xml:34:9-52:20
128            android:name="androidx.profileinstaller.ProfileInstallReceiver"
128-->[androidx.profileinstaller:profileinstaller:1.3.1] AndroidManifest.xml:35:13-76
129            android:directBootAware="false"
129-->[androidx.profileinstaller:profileinstaller:1.3.1] AndroidManifest.xml:36:13-44
130            android:enabled="true"
130-->[androidx.profileinstaller:profileinstaller:1.3.1] AndroidManifest.xml:37:13-35
131            android:exported="true"
131-->[androidx.profileinstaller:profileinstaller:1.3.1] AndroidManifest.xml:38:13-36
132            android:permission="android.permission.DUMP" >
132-->[androidx.profileinstaller:profileinstaller:1.3.1] AndroidManifest.xml:39:13-57
133            <intent-filter>
133-->[androidx.profileinstaller:profileinstaller:1.3.1] AndroidManifest.xml:40:13-42:29
134                <action android:name="androidx.profileinstaller.action.INSTALL_PROFILE" />
134-->[androidx.profileinstaller:profileinstaller:1.3.1] AndroidManifest.xml:41:17-91
134-->[androidx.profileinstaller:profileinstaller:1.3.1] AndroidManifest.xml:41:25-88
135            </intent-filter>
136            <intent-filter>
136-->[androidx.profileinstaller:profileinstaller:1.3.1] AndroidManifest.xml:43:13-45:29
137                <action android:name="androidx.profileinstaller.action.SKIP_FILE" />
137-->[androidx.profileinstaller:profileinstaller:1.3.1] AndroidManifest.xml:44:17-85
137-->[androidx.profileinstaller:profileinstaller:1.3.1] AndroidManifest.xml:44:25-82
138            </intent-filter>
139            <intent-filter>
139-->[androidx.profileinstaller:profileinstaller:1.3.1] AndroidManifest.xml:46:13-48:29
140                <action android:name="androidx.profileinstaller.action.SAVE_PROFILE" />
140-->[androidx.profileinstaller:profileinstaller:1.3.1] AndroidManifest.xml:47:17-88
140-->[androidx.profileinstaller:profileinstaller:1.3.1] AndroidManifest.xml:47:25-85
141            </intent-filter>
142            <intent-filter>
142-->[androidx.profileinstaller:profileinstaller:1.3.1] AndroidManifest.xml:49:13-51:29
143                <action android:name="androidx.profileinstaller.action.BENCHMARK_OPERATION" />
143-->[androidx.profileinstaller:profileinstaller:1.3.1] AndroidManifest.xml:50:17-95
143-->[androidx.profileinstaller:profileinstaller:1.3.1] AndroidManifest.xml:50:25-92
144            </intent-filter>
145        </receiver>
146
147        <service
147-->[com.google.android.datatransport:transport-backend-cct:2.3.3] AndroidManifest.xml:29:9-35:19
148            android:name="com.google.android.datatransport.runtime.backends.TransportBackendDiscovery"
148-->[com.google.android.datatransport:transport-backend-cct:2.3.3] AndroidManifest.xml:30:13-103
149            android:exported="false" >
149-->[com.google.android.datatransport:transport-backend-cct:2.3.3] AndroidManifest.xml:31:13-37
150            <meta-data
150-->[com.google.android.datatransport:transport-backend-cct:2.3.3] AndroidManifest.xml:32:13-34:39
151                android:name="backend:com.google.android.datatransport.cct.CctBackendFactory"
151-->[com.google.android.datatransport:transport-backend-cct:2.3.3] AndroidManifest.xml:33:17-94
152                android:value="cct" />
152-->[com.google.android.datatransport:transport-backend-cct:2.3.3] AndroidManifest.xml:34:17-36
153        </service>
154        <service
154-->[com.google.android.datatransport:transport-runtime:2.2.6] AndroidManifest.xml:26:9-30:19
155            android:name="com.google.android.datatransport.runtime.scheduling.jobscheduling.JobInfoSchedulerService"
155-->[com.google.android.datatransport:transport-runtime:2.2.6] AndroidManifest.xml:27:13-117
156            android:exported="false"
156-->[com.google.android.datatransport:transport-runtime:2.2.6] AndroidManifest.xml:28:13-37
157            android:permission="android.permission.BIND_JOB_SERVICE" >
157-->[com.google.android.datatransport:transport-runtime:2.2.6] AndroidManifest.xml:29:13-69
158        </service>
159
160        <receiver
160-->[com.google.android.datatransport:transport-runtime:2.2.6] AndroidManifest.xml:32:9-34:40
161            android:name="com.google.android.datatransport.runtime.scheduling.jobscheduling.AlarmManagerSchedulerBroadcastReceiver"
161-->[com.google.android.datatransport:transport-runtime:2.2.6] AndroidManifest.xml:33:13-132
162            android:exported="false" />
162-->[com.google.android.datatransport:transport-runtime:2.2.6] AndroidManifest.xml:34:13-37
163    </application>
164
165</manifest>